core.init: Rosetta version: 2017.49.post.dev+90.master.bbdb9ab bbdb9abad83680ecd68dde9c6928fde0d1af408f git@github.com:RosettaCommons/main.git 2017-12-06T17:05:07
core.init: command: /proj/wallner/apps/rosetta/Rosetta/main/source/bin/relax.linuxgccrelease -in:file:s 1u07.pdb -out:prefix repack. -relax:script ../MAINEXEC/repack.script -nstruct 1 -overwrite -run:constant_seed
core.init: Constant seed mode, seed=1111111 seed_offset=0 real_seed=1111111
core.init.random: RandomGenerator:init: Normal mode, seed=1111111 RG_type=mt19937
core.init: Resolved executable path: /proj/wallner/apps/rosetta/Rosetta/main/source/build/src/release/linux/2.6/64/x86/gcc/5.3/default/relax.default.linuxgccrelease
core.init: Looking for database based on location of executable: /proj/wallner/apps/rosetta/Rosetta/main/database/
core.scoring.ScoreFunctionFactory: SCOREFUNCTION: ref2015
core.scoring.etable: Starting energy table calculation
core.scoring.etable: smooth_etable: changing atr/rep split to bottom of energy well
core.scoring.etable: smooth_etable: spline smoothing lj etables (maxdis = 6)
core.scoring.etable: smooth_etable: spline smoothing solvation etables (max_dis = 6)
core.scoring.etable: Finished calculating energy tables.
basic.io.database: Database file opened: scoring/score_functions/hbonds/ref2015_params/HBPoly1D.csv
basic.io.database: Database file opened: scoring/score_functions/hbonds/ref2015_params/HBFadeIntervals.csv
basic.io.database: Database file opened: scoring/score_functions/hbonds/ref2015_params/HBEval.csv
basic.io.database: Database file opened: scoring/score_functions/hbonds/ref2015_params/DonStrength.csv
basic.io.database: Database file opened: scoring/score_functions/hbonds/ref2015_params/AccStrength.csv
core.chemical.GlobalResidueTypeSet: Finished initializing fa_standard residue type set.  Created 573 residue types
core.chemical.GlobalResidueTypeSet: Total time to initialize 0.8 seconds.
basic.io.database: Database file opened: scoring/score_functions/rama/fd/all.ramaProb
basic.io.database: Database file opened: scoring/score_functions/rama/fd/prepro.ramaProb
basic.io.database: Database file opened: scoring/score_functions/omega/omega_ppdep.all.txt
basic.io.database: Database file opened: scoring/score_functions/omega/omega_ppdep.gly.txt
basic.io.database: Database file opened: scoring/score_functions/omega/omega_ppdep.pro.txt
basic.io.database: Database file opened: scoring/score_functions/omega/omega_ppdep.valile.txt
basic.io.database: Database file opened: scoring/score_functions/P_AA_pp/P_AA
basic.io.database: Database file opened: scoring/score_functions/P_AA_pp/P_AA_n
core.scoring.P_AA: shapovalov_lib::shap_p_aa_pp_smooth_level of 1( aka low_smooth ) got activated.
basic.io.database: Database file opened: scoring/score_functions/P_AA_pp/shapovalov/10deg/kappa131/a20.prop
protocols.jd2.PDBJobInputter: Instantiate PDBJobInputter
protocols.jd2.PDBJobInputter: PDBJobInputter::fill_jobs
protocols.jd2.PDBJobInputter: pushed 1u07.pdb nstruct index 1
protocols.evaluation.ChiWellRmsdEvaluatorCreator: Evaluation Creator active ... 
protocols.jd2.PDBJobInputter: PDBJobInputter::pose_from_job
protocols.jd2.PDBJobInputter: filling pose from PDB 1u07.pdb
core.import_pose.import_pose: File '1u07.pdb' automatically determined to be of type PDB
basic.io.database: Database file opened: scoring/score_functions/elec_cp_reps.dat
core.scoring.elec.util: Read 40 countpair representative atoms
core.pack.dunbrack.RotamerLibrary: shapovalov_lib_fixes_enable option is true.
core.pack.dunbrack.RotamerLibrary: shapovalov_lib::shap_dun10_smooth_level of 1( aka lowest_smooth ) got activated.
core.pack.dunbrack.RotamerLibrary: Binary rotamer library selected: /proj/wallner/apps/rosetta/Rosetta/main/database/rotamer/shapovalov/StpDwn_0-0-0/Dunbrack10.lib.bin
core.pack.dunbrack.RotamerLibrary: Using Dunbrack library binary file '/proj/wallner/apps/rosetta/Rosetta/main/database/rotamer/shapovalov/StpDwn_0-0-0/Dunbrack10.lib.bin'.
core.pack.dunbrack.RotamerLibrary: Dunbrack 2010 library took 0.21 seconds to load from binary
protocols.relax.FastRelax: CMD: repeat  -191.167  0  0  0.55
core.pack.task: Packer task: initialize from command line() 
core.pack.pack_rotamers: built 2190 rotamers at 178 positions.
core.pack.interaction_graph.interaction_graph_factory: Instantiating DensePDInteractionGraph
core.pack.interaction_graph.interaction_graph_factory: IG: 1800416 bytes
protocols.relax.FastRelax: CMD: repack  -447.314  0  0  0.55
protocols.relax.FastRelax: MRP: 0  -447.314  -447.314  0  0  
protocols.relax.FastRelax: CMD: accept_to_best  -447.314  0  0  0.55
protocols.relax.FastRelax: CMD: endrepeat  -447.314  0  0  0.55
protocols::checkpoint: Deleting checkpoints of FastRelax
protocols.jd2.JobDistributor: repack.1u07_0001 reported success in 3 seconds
protocols.jd2.JobDistributor: no more batches to process... 
protocols.jd2.JobDistributor: 1 jobs considered, 1 jobs attempted in 3 seconds
protocols::checkpoint: Deleting checkpoints of FastRelax
repack.1u07_0001.pdb
core.init: Rosetta version: 2017.49.post.dev+90.master.bbdb9ab bbdb9abad83680ecd68dde9c6928fde0d1af408f git@github.com:RosettaCommons/main.git 2017-12-06T17:05:07
core.init: command: /proj/wallner/apps/rosetta/Rosetta/main/source/bin/score_jd2.linuxgccrelease -database /proj/wallner/apps/rosetta/Rosetta/main/database -in:file:s repack.1u07_0001.pdb -in:file:native 1u07.pdb -out:file:scorefile 1u07.rosetta_repacked -evaluation:DockMetrics --run:constant_seed
core.init: Constant seed mode, seed=1111111 seed_offset=0 real_seed=1111111
core.init.random: RandomGenerator:init: Normal mode, seed=1111111 RG_type=mt19937
core.scoring.ScoreFunctionFactory: SCOREFUNCTION: ref2015
core.scoring.etable: Starting energy table calculation
core.scoring.etable: smooth_etable: changing atr/rep split to bottom of energy well
core.scoring.etable: smooth_etable: spline smoothing lj etables (maxdis = 6)
core.scoring.etable: smooth_etable: spline smoothing solvation etables (max_dis = 6)
core.scoring.etable: Finished calculating energy tables.
basic.io.database: Database file opened: scoring/score_functions/hbonds/ref2015_params/HBPoly1D.csv
basic.io.database: Database file opened: scoring/score_functions/hbonds/ref2015_params/HBFadeIntervals.csv
basic.io.database: Database file opened: scoring/score_functions/hbonds/ref2015_params/HBEval.csv
basic.io.database: Database file opened: scoring/score_functions/hbonds/ref2015_params/DonStrength.csv
basic.io.database: Database file opened: scoring/score_functions/hbonds/ref2015_params/AccStrength.csv
core.chemical.GlobalResidueTypeSet: Finished initializing fa_standard residue type set.  Created 573 residue types
core.chemical.GlobalResidueTypeSet: Total time to initialize 0.79 seconds.
basic.io.database: Database file opened: scoring/score_functions/rama/fd/all.ramaProb
basic.io.database: Database file opened: scoring/score_functions/rama/fd/prepro.ramaProb
basic.io.database: Database file opened: scoring/score_functions/omega/omega_ppdep.all.txt
basic.io.database: Database file opened: scoring/score_functions/omega/omega_ppdep.gly.txt
basic.io.database: Database file opened: scoring/score_functions/omega/omega_ppdep.pro.txt
basic.io.database: Database file opened: scoring/score_functions/omega/omega_ppdep.valile.txt
basic.io.database: Database file opened: scoring/score_functions/P_AA_pp/P_AA
basic.io.database: Database file opened: scoring/score_functions/P_AA_pp/P_AA_n
core.scoring.P_AA: shapovalov_lib::shap_p_aa_pp_smooth_level of 1( aka low_smooth ) got activated.
basic.io.database: Database file opened: scoring/score_functions/P_AA_pp/shapovalov/10deg/kappa131/a20.prop
core.import_pose.import_pose: File '1u07.pdb' automatically determined to be of type PDB
protocols.evaluation.ChiWellRmsdEvaluatorCreator: Evaluation Creator active ... 
devel.replica_docking.WrapFilterAsEvaluatorCreator: Add I_sc evaluator 
core.scoring.ScoreFunctionFactory: SCOREFUNCTION: ref2015
devel.replica_docking.WrapFilterAsEvaluator: Evaluator I_sc
devel.replica_docking.WrapFilterAsEvaluatorCreator: Add Irms evaluator 
core.import_pose.import_pose: File '1u07.pdb' automatically determined to be of type PDB
core.scoring.ScoreFunctionFactory: SCOREFUNCTION: ref2015
devel.replica_docking.IrmsdFilter: End constructer
devel.replica_docking.WrapFilterAsEvaluator: Evaluator Irms
devel.replica_docking.WrapFilterAsEvaluatorCreator: Add Irms evaluator 
core.import_pose.import_pose: File '1u07.pdb' automatically determined to be of type PDB
core.scoring.ScoreFunctionFactory: SCOREFUNCTION: ref2015
devel.replica_docking.CaIrmsdFilter: End constructer
devel.replica_docking.WrapFilterAsEvaluator: Evaluator Ca_Irms
devel.replica_docking.WrapFilterAsEvaluatorCreator: Add evaluator of Fnat 
core.import_pose.import_pose: File '1u07.pdb' automatically determined to be of type PDB
core.scoring.ScoreFunctionFactory: SCOREFUNCTION: ref2015
devel.replica_docking.FnatFilter: End constructer
devel.replica_docking.WrapFilterAsEvaluator: Evaluator Fnat_n
devel.replica_docking.WrapFilterAsEvaluatorCreator: Add Lrmsd evaluator 
core.import_pose.import_pose: File '1u07.pdb' automatically determined to be of type PDB
devel.replica_docking.LrmsdFilter: End constructer
devel.replica_docking.WrapFilterAsEvaluator: Evaluator Lrmsd
devel.replica_docking.WrapFilterAsEvaluatorCreator: Add evaluator of Fnonnat 
core.import_pose.import_pose: File '1u07.pdb' automatically determined to be of type PDB
core.scoring.ScoreFunctionFactory: SCOREFUNCTION: ref2015
devel.replica_docking.FnonnatFilter: End constructer
devel.replica_docking.WrapFilterAsEvaluator: Evaluator Fnonnat
protocols.jd2.PDBJobInputter: Instantiate PDBJobInputter
protocols.jd2.PDBJobInputter: PDBJobInputter::fill_jobs
protocols.jd2.PDBJobInputter: pushed repack.1u07_0001.pdb nstruct index 1
core.import_pose.import_pose: File '1u07.pdb' automatically determined to be of type PDB
protocols.evaluation.ChiWellRmsdEvaluatorCreator: Evaluation Creator active ... 
devel.replica_docking.WrapFilterAsEvaluatorCreator: Add I_sc evaluator 
core.scoring.ScoreFunctionFactory: SCOREFUNCTION: ref2015
devel.replica_docking.WrapFilterAsEvaluator: Evaluator I_sc
devel.replica_docking.WrapFilterAsEvaluatorCreator: Add Irms evaluator 
core.import_pose.import_pose: File '1u07.pdb' automatically determined to be of type PDB
core.scoring.ScoreFunctionFactory: SCOREFUNCTION: ref2015
devel.replica_docking.IrmsdFilter: End constructer
devel.replica_docking.WrapFilterAsEvaluator: Evaluator Irms
devel.replica_docking.WrapFilterAsEvaluatorCreator: Add Irms evaluator 
core.import_pose.import_pose: File '1u07.pdb' automatically determined to be of type PDB
core.scoring.ScoreFunctionFactory: SCOREFUNCTION: ref2015
devel.replica_docking.CaIrmsdFilter: End constructer
devel.replica_docking.WrapFilterAsEvaluator: Evaluator Ca_Irms
devel.replica_docking.WrapFilterAsEvaluatorCreator: Add evaluator of Fnat 
core.import_pose.import_pose: File '1u07.pdb' automatically determined to be of type PDB
core.scoring.ScoreFunctionFactory: SCOREFUNCTION: ref2015
devel.replica_docking.FnatFilter: End constructer
devel.replica_docking.WrapFilterAsEvaluator: Evaluator Fnat_n
devel.replica_docking.WrapFilterAsEvaluatorCreator: Add Lrmsd evaluator 
core.import_pose.import_pose: File '1u07.pdb' automatically determined to be of type PDB
devel.replica_docking.LrmsdFilter: End constructer
devel.replica_docking.WrapFilterAsEvaluator: Evaluator Lrmsd
devel.replica_docking.WrapFilterAsEvaluatorCreator: Add evaluator of Fnonnat 
core.import_pose.import_pose: File '1u07.pdb' automatically determined to be of type PDB
core.scoring.ScoreFunctionFactory: SCOREFUNCTION: ref2015
devel.replica_docking.FnonnatFilter: End constructer
devel.replica_docking.WrapFilterAsEvaluator: Evaluator Fnonnat
protocols.jd2.PDBJobInputter: PDBJobInputter::pose_from_job
protocols.jd2.PDBJobInputter: filling pose from PDB repack.1u07_0001.pdb
core.import_pose.import_pose: File 'repack.1u07_0001.pdb' automatically determined to be of type PDB
basic.io.database: Database file opened: scoring/score_functions/elec_cp_reps.dat
core.scoring.elec.util: Read 40 countpair representative atoms
core.pack.dunbrack.RotamerLibrary: shapovalov_lib_fixes_enable option is true.
core.pack.dunbrack.RotamerLibrary: shapovalov_lib::shap_dun10_smooth_level of 1( aka lowest_smooth ) got activated.
core.pack.dunbrack.RotamerLibrary: Binary rotamer library selected: /proj/wallner/apps/rosetta/Rosetta/main/database/rotamer/shapovalov/StpDwn_0-0-0/Dunbrack10.lib.bin
core.pack.dunbrack.RotamerLibrary: Using Dunbrack library binary file '/proj/wallner/apps/rosetta/Rosetta/main/database/rotamer/shapovalov/StpDwn_0-0-0/Dunbrack10.lib.bin'.
core.pack.dunbrack.RotamerLibrary: Dunbrack 2010 library took 0.19 seconds to load from binary
devel.replica_docking.IrmsdFilter: compute Irms
devel.replica_docking.CaIrmsdFilter: compute Irms
devel.replica_docking.FnatFilter: compute Fnat
devel.replica_docking.LrmsdFilter: compute Lrmsd
devel.replica_docking.FnonnatFilter: compute Fnonnat
protocols.jd2.JobDistributor: repack.1u07_0001_0001 reported success in 1 seconds
protocols.jd2.JobDistributor: no more batches to process... 
protocols.jd2.JobDistributor: 1 jobs considered, 1 jobs attempted in 1 seconds
LENGTH: 178
   -85.524      -2.515      -5.322       0.647      -3.162
       Isc         rTs        Eatr        Erep        Etmr
   0.00000     0.00132     0.00946     0.54673     0.00186
